<?xml version="1.0" encoding="UTF-8"?>
<testng-results skipped="0" failed="0" ignored="0" total="2" passed="2">
  <reporter-output>
  </reporter-output>
  <suite name="Command line suite" duration-ms="35508" started-at="2021-02-24T18:36:49 IST" finished-at="2021-02-24T18:37:24 IST">
    <groups>
    </groups>
    <test name="Command line test" duration-ms="35508" started-at="2021-02-24T18:36:49 IST" finished-at="2021-02-24T18:37:24 IST">
      <class name="maven_package.DemoOneTest">
        <test-method status="PASS" signature="testmethod()[pri:0, instance:maven_package.DemoOneTest@39c0f4a]" name="testmethod" duration-ms="14753" started-at="2021-02-24T18:36:49 IST" finished-at="2021-02-24T18:37:03 IST">
          <reporter-output>
          </reporter-output>
        </test-method> <!-- testmethod -->
      </class> <!-- maven_package.DemoOneTest -->
      <class name="maven_package.DemoTwoTest">
        <test-method status="PASS" signature="testmethod2()[pri:0, instance:maven_package.DemoTwoTest@1794d431]" name="testmethod2" duration-ms="20615" started-at="2021-02-24T18:37:03 IST" finished-at="2021-02-24T18:37:24 IST">
          <reporter-output>
          </reporter-output>
        </test-method> <!-- testmethod2 -->
      </class> <!-- maven_package.DemoTwoTest -->
    </test> <!-- Command line test -->
  </suite> <!-- Command line suite -->
</testng-results>
